<?xml version="1.0" encoding="UTF-8"?>
<!-- Generated by org.testng.reporters.JUnitReportReporter -->
<testsuite skipped="0" hostname="dluharo277191" name="com.app.web.tests.TransferFundsTest" tests="1" failures="0" timestamp="19 Mar 2018 15:11:36 GMT" time="12.449" errors="0">
  <testcase name="transferFunds" time="12.449" classname="com.app.web.tests.TransferFundsTest"/>
</testsuite> <!-- com.app.web.tests.TransferFundsTest -->
