<?xml version="1.0" encoding="UTF-8"?>
<!-- Generated by org.testng.reporters.JUnitReportReporter -->
<testsuite skipped="0" hostname="dluharo277191" name="com.runner.GetAPIRunner" tests="1" failures="0" timestamp="22 Mar 2018 06:07:02 GMT" time="19.845" errors="0">
  <testcase name="feature" time="19.845" classname="com.runner.GetAPIRunner"/>
</testsuite> <!-- com.runner.GetAPIRunner -->
